<?xml version="1.0" encoding="UTF-8"?>
<coverage generated="1714731936080" clover="3.2.0">
  <project timestamp="1714731936080" name="All files">
    <metrics statements="29" coveredstatements="26" conditionals="16" coveredconditionals="16" methods="3" coveredmethods="3" elements="48" coveredelements="45" complexity="0" loc="29" ncloc="29" packages="1" files="1" classes="1"/>
    <file name="controller.js" path="/Users/damac80/Desktop/justSaveIt 2/js/controller.js">
      <metrics statements="29" coveredstatements="26" conditionals="16" coveredconditionals="16" methods="3" coveredmethods="3"/>
      <line num="2" count="4" type="stmt"/>
      <line num="3" count="4" type="stmt"/>
      <line num="4" count="4" type="stmt"/>
      <line num="5" count="4" type="stmt"/>
      <line num="11" count="4" type="stmt"/>
      <line num="12" count="4" type="stmt"/>
      <line num="14" count="4" type="cond" truecount="6" falsecount="0"/>
      <line num="15" count="2" type="stmt"/>
      <line num="16" count="0" type="stmt"/>
      <line num="19" count="2" type="cond" truecount="4" falsecount="0"/>
      <line num="20" count="1" type="stmt"/>
      <line num="21" count="0" type="stmt"/>
      <line num="24" count="1" type="stmt"/>
      <line num="30" count="2" type="stmt"/>
      <line num="31" count="2" type="stmt"/>
      <line num="32" count="2" type="stmt"/>
      <line num="34" count="2" type="stmt"/>
      <line num="35" count="3" type="stmt"/>
      <line num="37" count="3" type="cond" truecount="2" falsecount="0"/>
      <line num="38" count="1" type="stmt"/>
      <line num="41" count="3" type="cond" truecount="2" falsecount="0"/>
      <line num="42" count="2" type="stmt"/>
      <line num="46" count="2" type="stmt"/>
      <line num="48" count="2" type="stmt"/>
      <line num="54" count="2" type="cond" truecount="2" falsecount="0"/>
      <line num="55" count="1" type="stmt"/>
      <line num="56" count="0" type="stmt"/>
      <line num="58" count="1" type="stmt"/>
      <line num="63" count="4" type="stmt"/>
    </file>
  </project>
</coverage>
