TN:
SF:js/controller.js
FN:9,updateTransactionsArray
FN:29,calcReturnValues
FN:53,removeTransaction
FNF:3
FNH:3
FNDA:4,updateTransactionsArray
FNDA:2,calcReturnValues
FNDA:2,removeTransaction
DA:2,4
DA:3,4
DA:4,4
DA:5,4
DA:11,4
DA:12,4
DA:14,4
DA:15,2
DA:16,0
DA:19,2
DA:20,1
DA:21,0
DA:24,1
DA:30,2
DA:31,2
DA:32,2
DA:34,2
DA:35,3
DA:37,3
DA:38,1
DA:41,3
DA:42,2
DA:46,2
DA:48,2
DA:54,2
DA:55,1
DA:56,0
DA:58,1
DA:63,4
LF:29
LH:26
BRDA:14,0,0,2
BRDA:14,0,1,2
BRDA:14,1,0,4
BRDA:14,1,1,3
BRDA:14,1,2,3
BRDA:14,1,3,2
BRDA:19,2,0,1
BRDA:19,2,1,1
BRDA:19,3,0,2
BRDA:19,3,1,1
BRDA:37,4,0,1
BRDA:37,4,1,2
BRDA:41,5,0,2
BRDA:41,5,1,1
BRDA:54,6,0,1
BRDA:54,6,1,1
BRF:16
BRH:16
end_of_record
